<?xml version="1.0" encoding="UTF-8"?>
<testng-results skipped="0" failed="0" total="1" passed="1">
  <reporter-output>
  </reporter-output>
  <suite name="Default suite" duration-ms="50265" started-at="2015-04-21T05:45:50Z" finished-at="2015-04-21T05:46:40Z">
    <groups>
    </groups>
    <test name="Default test" duration-ms="50265" started-at="2015-04-21T05:45:50Z" finished-at="2015-04-21T05:46:40Z">
      <class name="com.teksystems.Upload">
        <test-method status="PASS" signature="screen()[pri:0, instance:com.teksystems.Upload@bf2d5e]" name="screen" duration-ms="50219" started-at="2015-04-21T11:15:50Z" finished-at="2015-04-21T11:16:40Z">
          <reporter-output>
          </reporter-output>
        </test-method> <!-- screen -->
      </class> <!-- com.teksystems.Upload -->
    </test> <!-- Default test -->
  </suite> <!-- Default suite -->
</testng-results>
